e:\applications\cplus\repos\snake00\snake00\debug\snake00.res
e:\applications\cplus\repos\snake00\snake00\debug\vc142.pdb
e:\applications\cplus\repos\snake00\snake00\debug\vc142.idb
e:\applications\cplus\repos\snake00\snake00\debug\main.obj
e:\applications\cplus\repos\snake00\snake00\debug\cankao.obj
e:\applications\cplus\repos\snake00\snake00\debug\main.obj.enc
e:\applications\cplus\repos\snake00\debug\snake00.pdb
e:\applications\cplus\repos\snake00\snake00\debug\snake00.tlog\cl.command.1.tlog
e:\applications\cplus\repos\snake00\snake00\debug\snake00.tlog\rc.read.1.tlog
e:\applications\cplus\repos\snake00\snake00\debug\snake00.tlog\rc.write.1.tlog
e:\applications\cplus\repos\snake00\snake00\debug\snake00.tlog\rc.command.1.tlog
e:\applications\cplus\repos\snake00\snake00\debug\snake00.tlog\link.read.1.tlog
e:\applications\cplus\repos\snake00\snake00\debug\snake00.tlog\link.write.1.tlog
e:\applications\cplus\repos\snake00\snake00\debug\snake00.tlog\link.command.1.tlog
e:\applications\cplus\repos\snake00\snake00\debug\snake00.tlog\cl.read.1.tlog
e:\applications\cplus\repos\snake00\snake00\debug\snake00.tlog\cl.write.1.tlog
e:\applications\cplus\repos\snake00\snake00\debug\snake00.tlog\link.15284-rc.read.1.tlog
e:\applications\cplus\repos\snake00\snake00\debug\snake00.tlog\link.15284-rc.write.1.tlog
e:\applications\cplus\repos\snake00\snake00\debug\snake00.tlog\link.15284-cvtres.read.1.tlog
e:\applications\cplus\repos\snake00\snake00\debug\snake00.tlog\link.15284-cvtres.write.1.tlog
e:\applications\cplus\repos\snake00\snake00\debug\snake00.tlog\link.15284.read.1.tlog
e:\applications\cplus\repos\snake00\snake00\debug\snake00.tlog\link.15284.write.1.tlog
e:\applications\cplus\repos\snake00\snake00\debug\snake00.tlog\link-rc.read.1.tlog
e:\applications\cplus\repos\snake00\snake00\debug\snake00.tlog\link-rc.write.1.tlog
e:\applications\cplus\repos\snake00\snake00\debug\snake00.tlog\link-cvtres.read.1.tlog
e:\applications\cplus\repos\snake00\snake00\debug\snake00.tlog\link-cvtres.write.1.tlog
